e:\thirdreich\client\thirdreich\static\static_logic\x64\release\static_logic.pdb
e:\thirdreich\client\thirdreich\static\static_logic\x64\release\handlerinteraction.obj
e:\thirdreich\client\thirdreich\static\static_logic\x64\release\handlerhouse.obj
e:\thirdreich\client\thirdreich\static\static_logic\x64\release\handlerfriend.obj
e:\thirdreich\client\thirdreich\static\static_logic\x64\release\handlerdungeon.obj
e:\thirdreich\client\thirdreich\static\static_logic\x64\release\handlerdrop.obj
e:\thirdreich\client\thirdreich\static\static_logic\x64\release\handlercraft.obj
e:\thirdreich\client\thirdreich\static\static_logic\x64\release\handlerbuilding.obj
e:\thirdreich\client\thirdreich\static\static_logic\x64\release\handlerachieve.obj
e:\thirdreich\client\thirdreich\static\static_logic\x64\release\gmline.obj
e:\thirdreich\client\thirdreich\static\static_logic\x64\release\gmcfg.obj
e:\thirdreich\client\thirdreich\static\static_logic\x64\release\gameappmodule.obj
e:\thirdreich\client\thirdreich\static\static_logic\x64\release\gameappextern.obj
e:\thirdreich\client\thirdreich\static\static_logic\x64\release\datahandler.obj
e:\thirdreich\client\thirdreich\static\static_logic\x64\release\synccache.obj
e:\thirdreich\client\thirdreich\static\static_logic\x64\release\mylocalization.obj
e:\thirdreich\client\thirdreich\static\static_logic\x64\release\msgmgr.obj
e:\thirdreich\client\thirdreich\static\static_logic\x64\release\messagequeue.obj
e:\thirdreich\client\thirdreich\static\static_logic\x64\release\configinitializer.obj
e:\thirdreich\client\thirdreich\static\static_logic\x64\release\cachequeue.obj
e:\thirdreich\client\thirdreich\static\static_logic\x64\release\blockmanager.obj
e:\thirdreich\client\thirdreich\static\static_logic\x64\release\localserver_buff.obj
e:\thirdreich\client\thirdreich\static\static_logic\x64\release\localserver_battle.obj
e:\thirdreich\client\thirdreich\static\static_logic\x64\release\localserver_action.obj
e:\thirdreich\client\thirdreich\static\static_logic\x64\release\localserver.obj
e:\thirdreich\client\thirdreich\static\static_logic\x64\release\battlecalc.obj
e:\thirdreich\client\thirdreich\static\static_logic\x64\release\handlertowerbuild.obj
e:\thirdreich\client\thirdreich\static\static_logic\x64\release\handlerteam.obj
e:\thirdreich\client\thirdreich\static\static_logic\x64\release\handlersurvival.obj
e:\thirdreich\client\thirdreich\static\static_logic\x64\release\handlerstore.obj
e:\thirdreich\client\thirdreich\static\static_logic\x64\release\handlerrole.obj
e:\thirdreich\client\thirdreich\static\static_logic\x64\release\handlerpublicmap.obj
e:\thirdreich\client\thirdreich\static\static_logic\x64\release\handlerplant.obj
e:\thirdreich\client\thirdreich\static\static_logic\x64\release\handlernpc.obj
e:\thirdreich\client\thirdreich\static\static_logic\x64\release\handlermsg.obj
e:\thirdreich\client\thirdreich\static\static_logic\x64\release\handlermonster.obj
e:\thirdreich\client\thirdreich\static\static_logic\x64\release\handlermgr.obj
e:\thirdreich\client\thirdreich\static\static_logic\x64\release\handlerlogin.obj
e:\thirdreich\client\thirdreich\static\static_logic\x64\release\handlerkeepalive.obj
e:\thirdreich\client\thirdreich\static\static_logic\x64\release\handleritem.obj
e:\thirdreich\client\thirdreich\x64\release\static_logic.lib
e:\thirdreich\client\thirdreich\static\static_logic\x64\release\../../x64/release\static_logic.pdb
e:\thirdreich\client\thirdreich\static\static_logic\../../x64/release\static_logic.lib
e:\thirdreich\client\thirdreich\static\static_logic\x64\release\static_logic.tlog\cl.command.1.tlog
e:\thirdreich\client\thirdreich\static\static_logic\x64\release\static_logic.tlog\cl.read.1.tlog
e:\thirdreich\client\thirdreich\static\static_logic\x64\release\static_logic.tlog\cl.write.1.tlog
e:\thirdreich\client\thirdreich\static\static_logic\x64\release\static_logic.tlog\lib-link.read.1.tlog
e:\thirdreich\client\thirdreich\static\static_logic\x64\release\static_logic.tlog\lib-link.write.1.tlog
e:\thirdreich\client\thirdreich\static\static_logic\x64\release\static_logic.tlog\lib.command.1.tlog
