C:\Program Files (x86)\Microsoft Visual Studio\2017\Professional\Common7\IDE\VC\VCTargets\Microsoft.CppBuild.targets(377,5): warning MSB8004: Output 目录未以斜杠结尾。  此生成实例将添加斜杠，因为必须有这个斜杠才能正确计算 Output 目录。
  ComSkillBuff.cpp
  CommonDataTypeDef.cpp
  EffectCalculation.cpp
  SkillBuffContainer.cpp
  SkillBuffInfo.cpp
  AchieveCfg.cpp
  ArmorCfg.cpp
  BuffCfg.cpp
  BuildRoomCfg.cpp
  BuildingCfg.cpp
  CraftCfg.cpp
  FieldAdventureCfg.cpp
  ItemCfg.cpp
  MapSettingCfg.cpp
  MedicamentCfg.cpp
  MonsterCfg.cpp
  NpcActiveCfg.cpp
  NpcBadgeCfg.cpp
  NpcTypeCfg.cpp
  PlayerAttrCfg.cpp
  正在生成代码...
  正在编译...
  SkillCfg.cpp
  StoreCfg.cpp
  TowerBuildingCfg.cpp
  AchieveData.cpp
  CraftData.cpp
  DropData.cpp
  HouseData.cpp
  ItemData.cpp
  MapDataMgr.cpp
  MapObj.cpp
  NotesData.cpp
  NpcProtectorData.cpp
  PlantData.cpp
  SkillData.cpp
  StoreData.cpp
  SurvivalData.cpp
  TeamMemberData.cpp
  TowerBuildData.cpp
  Monsters.cpp
  Npc.cpp
  正在生成代码...
  正在编译...
  Player.cpp
  Role.cpp
  PassiveSkillMgr.cpp
  PassiveTrigger.cpp
e:\thirdreich\client\thirdreich\static\static_data\data\role\skill\passivetrigger.cpp : warning C4819: 该文件包含不能在当前代码页(936)中表示的字符。请将该文件保存为 Unicode 格式以防止数据丢失
  正在生成代码...
  static_data.vcxproj -> E:\ThirdReich\Client\ThirdReich\static\static_data\../../x64/Release\static_data.lib
