e:\thirdreich\client\thirdreich\static\static_data\x64\release\static_data.pdb
e:\thirdreich\client\thirdreich\static\static_data\x64\release\craftcfg.obj
e:\thirdreich\client\thirdreich\static\static_data\x64\release\buildroomcfg.obj
e:\thirdreich\client\thirdreich\static\static_data\x64\release\buildingcfg.obj
e:\thirdreich\client\thirdreich\static\static_data\x64\release\bufftypecfg.obj
e:\thirdreich\client\thirdreich\static\static_data\x64\release\buffgrouprulecfg.obj
e:\thirdreich\client\thirdreich\static\static_data\x64\release\buffcfg.obj
e:\thirdreich\client\thirdreich\static\static_data\x64\release\behaviortreetypecfg.obj
e:\thirdreich\client\thirdreich\static\static_data\x64\release\armorcfg.obj
e:\thirdreich\client\thirdreich\static\static_data\x64\release\achievecfg.obj
e:\thirdreich\client\thirdreich\static\static_data\x64\release\timer.obj
e:\thirdreich\client\thirdreich\static\static_data\x64\release\skillbuffinfo.obj
e:\thirdreich\client\thirdreich\static\static_data\x64\release\skillbuffcontainer.obj
e:\thirdreich\client\thirdreich\static\static_data\x64\release\randomdata.obj
e:\thirdreich\client\thirdreich\static\static_data\x64\release\playerprefs.obj
e:\thirdreich\client\thirdreich\static\static_data\x64\release\heartbeat.obj
e:\thirdreich\client\thirdreich\static\static_data\x64\release\encryptutil.obj
e:\thirdreich\client\thirdreich\static\static_data\x64\release\effectcalculation.obj
e:\thirdreich\client\thirdreich\static\static_data\x64\release\comskillbuff.obj
e:\thirdreich\client\thirdreich\static\static_data\x64\release\commondatatypedef.obj
e:\thirdreich\client\thirdreich\static\static_data\x64\release\calculate.obj
e:\thirdreich\client\thirdreich\static\static_data\x64\release\rolecreatecfg.obj
e:\thirdreich\client\thirdreich\static\static_data\x64\release\playerattrnamecfg.obj
e:\thirdreich\client\thirdreich\static\static_data\x64\release\playerattrcfg.obj
e:\thirdreich\client\thirdreich\static\static_data\x64\release\plantcfg.obj
e:\thirdreich\client\thirdreich\static\static_data\x64\release\npctypecfg.obj
e:\thirdreich\client\thirdreich\static\static_data\x64\release\npcbadgecfg.obj
e:\thirdreich\client\thirdreich\static\static_data\x64\release\npcactivecfg.obj
e:\thirdreich\client\thirdreich\static\static_data\x64\release\monstercfg.obj
e:\thirdreich\client\thirdreich\static\static_data\x64\release\medicamentcfg.obj
e:\thirdreich\client\thirdreich\static\static_data\x64\release\mapsettingcfg.obj
e:\thirdreich\client\thirdreich\static\static_data\x64\release\localizationcfg.obj
e:\thirdreich\client\thirdreich\static\static_data\x64\release\itemcfg.obj
e:\thirdreich\client\thirdreich\static\static_data\x64\release\housecfg.obj
e:\thirdreich\client\thirdreich\static\static_data\x64\release\helpcfg.obj
e:\thirdreich\client\thirdreich\static\static_data\x64\release\globalcfg.obj
e:\thirdreich\client\thirdreich\static\static_data\x64\release\fieldadventurecfg.obj
e:\thirdreich\client\thirdreich\static\static_data\x64\release\equiptypecfg.obj
e:\thirdreich\client\thirdreich\static\static_data\x64\release\dropcfg.obj
e:\thirdreich\client\thirdreich\static\static_data\x64\release\defencepostpycfg.obj
e:\thirdreich\client\thirdreich\static\static_data\x64\release\defenceinfotypecfg.obj
e:\thirdreich\client\thirdreich\static\static_data\x64\release\notesdata.obj
e:\thirdreich\client\thirdreich\static\static_data\x64\release\mapobj.obj
e:\thirdreich\client\thirdreich\static\static_data\x64\release\mapdatamgr.obj
e:\thirdreich\client\thirdreich\static\static_data\x64\release\mapdata.obj
e:\thirdreich\client\thirdreich\static\static_data\x64\release\itemdata.obj
e:\thirdreich\client\thirdreich\static\static_data\x64\release\housedata.obj
e:\thirdreich\client\thirdreich\static\static_data\x64\release\dropdata.obj
e:\thirdreich\client\thirdreich\static\static_data\x64\release\craftdata.obj
e:\thirdreich\client\thirdreich\static\static_data\x64\release\achievedata.obj
e:\thirdreich\client\thirdreich\static\static_data\x64\release\weapontypecfg.obj
e:\thirdreich\client\thirdreich\static\static_data\x64\release\weaponinfotypecfg.obj
e:\thirdreich\client\thirdreich\static\static_data\x64\release\weaponanieffectcfg.obj
e:\thirdreich\client\thirdreich\static\static_data\x64\release\walknpccfg.obj
e:\thirdreich\client\thirdreich\static\static_data\x64\release\troopscfg.obj
e:\thirdreich\client\thirdreich\static\static_data\x64\release\towerbuildingcfg.obj
e:\thirdreich\client\thirdreich\static\static_data\x64\release\survivaleventcfg.obj
e:\thirdreich\client\thirdreich\static\static_data\x64\release\storecfg.obj
e:\thirdreich\client\thirdreich\static\static_data\x64\release\skilltypecfg.obj
e:\thirdreich\client\thirdreich\static\static_data\x64\release\skillfronteffectcfg.obj
e:\thirdreich\client\thirdreich\static\static_data\x64\release\skillcfg.obj
e:\thirdreich\client\thirdreich\static\static_data\x64\release\stdafx.obj
e:\thirdreich\client\thirdreich\static\static_data\x64\release\towerbuilddata.obj
e:\thirdreich\client\thirdreich\static\static_data\x64\release\teammemberdata.obj
e:\thirdreich\client\thirdreich\static\static_data\x64\release\survivaldata.obj
e:\thirdreich\client\thirdreich\static\static_data\x64\release\storedata.obj
e:\thirdreich\client\thirdreich\static\static_data\x64\release\skilldata.obj
e:\thirdreich\client\thirdreich\static\static_data\x64\release\passivetrigger.obj
e:\thirdreich\client\thirdreich\static\static_data\x64\release\passiveskillmgr.obj
e:\thirdreich\client\thirdreich\static\static_data\x64\release\role.obj
e:\thirdreich\client\thirdreich\static\static_data\x64\release\player.obj
e:\thirdreich\client\thirdreich\static\static_data\x64\release\npc.obj
e:\thirdreich\client\thirdreich\static\static_data\x64\release\monsters.obj
e:\thirdreich\client\thirdreich\static\static_data\x64\release\plantdata.obj
e:\thirdreich\client\thirdreich\static\static_data\x64\release\npcprotectordata.obj
e:\thirdreich\client\thirdreich\x64\release\static_data.lib
e:\thirdreich\client\thirdreich\static\static_data\x64\release\../../x64/release\static_data.pdb
e:\thirdreich\client\thirdreich\static\static_data\../../x64/release\static_data.lib
e:\thirdreich\client\thirdreich\static\static_data\x64\release\static_data.tlog\cl.command.1.tlog
e:\thirdreich\client\thirdreich\static\static_data\x64\release\static_data.tlog\cl.read.1.tlog
e:\thirdreich\client\thirdreich\static\static_data\x64\release\static_data.tlog\cl.write.1.tlog
e:\thirdreich\client\thirdreich\static\static_data\x64\release\static_data.tlog\lib-link.read.1.tlog
e:\thirdreich\client\thirdreich\static\static_data\x64\release\static_data.tlog\lib-link.write.1.tlog
e:\thirdreich\client\thirdreich\static\static_data\x64\release\static_data.tlog\lib.command.1.tlog
