e:\thirdreich\client\thirdreich\static\static_msg\x64\release\static_msg.pdb
e:\thirdreich\client\thirdreich\static\static_msg\x64\release\msgmail.pb.obj
e:\thirdreich\client\thirdreich\static\static_msg\x64\release\msglottery.pb.obj
e:\thirdreich\client\thirdreich\static\static_msg\x64\release\msglogin.pb.obj
e:\thirdreich\client\thirdreich\static\static_msg\x64\release\msgitem.pb.obj
e:\thirdreich\client\thirdreich\static\static_msg\x64\release\msginteractive.pb.obj
e:\thirdreich\client\thirdreich\static\static_msg\x64\release\msginteraction.pb.obj
e:\thirdreich\client\thirdreich\static\static_msg\x64\release\msghouse.pb.obj
e:\thirdreich\client\thirdreich\static\static_msg\x64\release\msggm.pb.obj
e:\thirdreich\client\thirdreich\static\static_msg\x64\release\msggamedef.pb.obj
e:\thirdreich\client\thirdreich\static\static_msg\x64\release\msgdungeon.pb.obj
e:\thirdreich\client\thirdreich\static\static_msg\x64\release\msgdblog.pb.obj
e:\thirdreich\client\thirdreich\static\static_msg\x64\release\msgdbaction.pb.obj
e:\thirdreich\client\thirdreich\static\static_msg\x64\release\msgdb.pb.obj
e:\thirdreich\client\thirdreich\static\static_msg\x64\release\msgcraft.pb.obj
e:\thirdreich\client\thirdreich\static\static_msg\x64\release\msgcooldown.pb.obj
e:\thirdreich\client\thirdreich\static\static_msg\x64\release\msgbuildtower.pb.obj
e:\thirdreich\client\thirdreich\static\static_msg\x64\release\msgbuild.pb.obj
e:\thirdreich\client\thirdreich\static\static_msg\x64\release\msgbuff.pb.obj
e:\thirdreich\client\thirdreich\static\static_msg\x64\release\msgai.pb.obj
e:\thirdreich\client\thirdreich\static\static_msg\x64\release\msgachieve.pb.obj
e:\thirdreich\client\thirdreich\static\static_msg\x64\release\msgpvpranditem.pb.obj
e:\thirdreich\client\thirdreich\static\static_msg\x64\release\msgpvp.pb.obj
e:\thirdreich\client\thirdreich\static\static_msg\x64\release\msgpublicmap.pb.obj
e:\thirdreich\client\thirdreich\static\static_msg\x64\release\msgprotector.pb.obj
e:\thirdreich\client\thirdreich\static\static_msg\x64\release\msgplayerevent.pb.obj
e:\thirdreich\client\thirdreich\static\static_msg\x64\release\msgplayerdatasync.pb.obj
e:\thirdreich\client\thirdreich\static\static_msg\x64\release\msgplayer.pb.obj
e:\thirdreich\client\thirdreich\static\static_msg\x64\release\msgplant.pb.obj
e:\thirdreich\client\thirdreich\static\static_msg\x64\release\msgping.pb.obj
e:\thirdreich\client\thirdreich\static\static_msg\x64\release\msgpacketdrop.pb.obj
e:\thirdreich\client\thirdreich\static\static_msg\x64\release\msgnpcdakrepo.pb.obj
e:\thirdreich\client\thirdreich\static\static_msg\x64\release\msgnpcdak.pb.obj
e:\thirdreich\client\thirdreich\static\static_msg\x64\release\msgnpcautoincome.pb.obj
e:\thirdreich\client\thirdreich\static\static_msg\x64\release\msgnpc.pb.obj
e:\thirdreich\client\thirdreich\static\static_msg\x64\release\msgmove.pb.obj
e:\thirdreich\client\thirdreich\static\static_msg\x64\release\msgmob.pb.obj
e:\thirdreich\client\thirdreich\static\static_msg\x64\release\msgmatchserver.pb.obj
e:\thirdreich\client\thirdreich\static\static_msg\x64\release\msgmapserver.pb.obj
e:\thirdreich\client\thirdreich\static\static_msg\x64\release\msgmapmgrserver.pb.obj
e:\thirdreich\client\thirdreich\static\static_msg\x64\release\msgmailserver.pb.obj
e:\thirdreich\client\thirdreich\static\static_msg\x64\release\regserver.pb.obj
e:\thirdreich\client\thirdreich\static\static_msg\x64\release\msgtype.pb.obj
e:\thirdreich\client\thirdreich\static\static_msg\x64\release\msgtroops.pb.obj
e:\thirdreich\client\thirdreich\static\static_msg\x64\release\msgtowerpvptombstone.pb.obj
e:\thirdreich\client\thirdreich\static\static_msg\x64\release\msgtest.pb.obj
e:\thirdreich\client\thirdreich\static\static_msg\x64\release\msgteam.pb.obj
e:\thirdreich\client\thirdreich\static\static_msg\x64\release\msgsynctouserserver.pb.obj
e:\thirdreich\client\thirdreich\static\static_msg\x64\release\msgsurvival.pb.obj
e:\thirdreich\client\thirdreich\static\static_msg\x64\release\msgstore.pb.obj
e:\thirdreich\client\thirdreich\static\static_msg\x64\release\msgskill.pb.obj
e:\thirdreich\client\thirdreich\static\static_msg\x64\release\msgpvprandmap.pb.obj
e:\thirdreich\client\thirdreich\x64\release\static_msg.lib
e:\thirdreich\client\thirdreich\static\static_msg\x64\release\../../x64/release\static_msg.pdb
e:\thirdreich\client\thirdreich\static\static_msg\../../x64/release\static_msg.lib
e:\thirdreich\client\thirdreich\static\static_msg\x64\release\static_msg.tlog\cl.command.1.tlog
e:\thirdreich\client\thirdreich\static\static_msg\x64\release\static_msg.tlog\cl.read.1.tlog
e:\thirdreich\client\thirdreich\static\static_msg\x64\release\static_msg.tlog\cl.write.1.tlog
e:\thirdreich\client\thirdreich\static\static_msg\x64\release\static_msg.tlog\lib-link.read.1.tlog
e:\thirdreich\client\thirdreich\static\static_msg\x64\release\static_msg.tlog\lib-link.write.1.tlog
e:\thirdreich\client\thirdreich\static\static_msg\x64\release\static_msg.tlog\lib.command.1.tlog
