e:\thirdreich\client\thirdreich\static\static_data\x64\debug\static_data.pdb
e:\thirdreich\client\thirdreich\static\static_data\x64\debug\static_data.idb
e:\thirdreich\client\thirdreich\static\static_data\x64\debug\mapdata.obj
e:\thirdreich\client\thirdreich\static\static_data\x64\debug\skillcfg.obj
e:\thirdreich\client\thirdreich\static\static_data\x64\debug\defenceinfotypecfg.obj
e:\thirdreich\client\thirdreich\static\static_data\x64\debug\calculate.obj
e:\thirdreich\client\thirdreich\static\static_data\x64\debug\itemdata.obj
e:\thirdreich\client\thirdreich\static\static_data\x64\debug\craftcfg.obj
e:\thirdreich\client\thirdreich\static\static_data\x64\debug\buildroomcfg.obj
e:\thirdreich\client\thirdreich\static\static_data\x64\debug\buildingcfg.obj
e:\thirdreich\client\thirdreich\static\static_data\x64\debug\bufftypecfg.obj
e:\thirdreich\client\thirdreich\static\static_data\x64\debug\buffgrouprulecfg.obj
e:\thirdreich\client\thirdreich\static\static_data\x64\debug\buffcfg.obj
e:\thirdreich\client\thirdreich\static\static_data\x64\debug\behaviortreetypecfg.obj
e:\thirdreich\client\thirdreich\static\static_data\x64\debug\armorcfg.obj
e:\thirdreich\client\thirdreich\static\static_data\x64\debug\achievecfg.obj
e:\thirdreich\client\thirdreich\static\static_data\x64\debug\timer.obj
e:\thirdreich\client\thirdreich\static\static_data\x64\debug\skillbuffinfo.obj
e:\thirdreich\client\thirdreich\static\static_data\x64\debug\skillbuffcontainer.obj
e:\thirdreich\client\thirdreich\static\static_data\x64\debug\randomdata.obj
e:\thirdreich\client\thirdreich\static\static_data\x64\debug\playerprefs.obj
e:\thirdreich\client\thirdreich\static\static_data\x64\debug\heartbeat.obj
e:\thirdreich\client\thirdreich\static\static_data\x64\debug\encryptutil.obj
e:\thirdreich\client\thirdreich\static\static_data\x64\debug\effectcalculation.obj
e:\thirdreich\client\thirdreich\static\static_data\x64\debug\comskillbuff.obj
e:\thirdreich\client\thirdreich\static\static_data\x64\debug\commondatatypedef.obj
e:\thirdreich\client\thirdreich\static\static_data\x64\debug\rolecreatecfg.obj
e:\thirdreich\client\thirdreich\static\static_data\x64\debug\playerattrnamecfg.obj
e:\thirdreich\client\thirdreich\static\static_data\x64\debug\playerattrcfg.obj
e:\thirdreich\client\thirdreich\static\static_data\x64\debug\plantcfg.obj
e:\thirdreich\client\thirdreich\static\static_data\x64\debug\npctypecfg.obj
e:\thirdreich\client\thirdreich\static\static_data\x64\debug\npcbadgecfg.obj
e:\thirdreich\client\thirdreich\static\static_data\x64\debug\npcactivecfg.obj
e:\thirdreich\client\thirdreich\static\static_data\x64\debug\monstercfg.obj
e:\thirdreich\client\thirdreich\static\static_data\x64\debug\medicamentcfg.obj
e:\thirdreich\client\thirdreich\static\static_data\x64\debug\mapsettingcfg.obj
e:\thirdreich\client\thirdreich\static\static_data\x64\debug\localizationcfg.obj
e:\thirdreich\client\thirdreich\static\static_data\x64\debug\itemcfg.obj
e:\thirdreich\client\thirdreich\static\static_data\x64\debug\housecfg.obj
e:\thirdreich\client\thirdreich\static\static_data\x64\debug\helpcfg.obj
e:\thirdreich\client\thirdreich\static\static_data\x64\debug\globalcfg.obj
e:\thirdreich\client\thirdreich\static\static_data\x64\debug\fieldadventurecfg.obj
e:\thirdreich\client\thirdreich\static\static_data\x64\debug\equiptypecfg.obj
e:\thirdreich\client\thirdreich\static\static_data\x64\debug\dropcfg.obj
e:\thirdreich\client\thirdreich\static\static_data\x64\debug\defencepostpycfg.obj
e:\thirdreich\client\thirdreich\static\static_data\x64\debug\notesdata.obj
e:\thirdreich\client\thirdreich\static\static_data\x64\debug\mapobj.obj
e:\thirdreich\client\thirdreich\static\static_data\x64\debug\mapdatamgr.obj
e:\thirdreich\client\thirdreich\static\static_data\x64\debug\housedata.obj
e:\thirdreich\client\thirdreich\static\static_data\x64\debug\dropdata.obj
e:\thirdreich\client\thirdreich\static\static_data\x64\debug\craftdata.obj
e:\thirdreich\client\thirdreich\static\static_data\x64\debug\achievedata.obj
e:\thirdreich\client\thirdreich\static\static_data\x64\debug\weapontypecfg.obj
e:\thirdreich\client\thirdreich\static\static_data\x64\debug\weaponinfotypecfg.obj
e:\thirdreich\client\thirdreich\static\static_data\x64\debug\weaponanieffectcfg.obj
e:\thirdreich\client\thirdreich\static\static_data\x64\debug\walknpccfg.obj
e:\thirdreich\client\thirdreich\static\static_data\x64\debug\troopscfg.obj
e:\thirdreich\client\thirdreich\static\static_data\x64\debug\towerbuildingcfg.obj
e:\thirdreich\client\thirdreich\static\static_data\x64\debug\survivaleventcfg.obj
e:\thirdreich\client\thirdreich\static\static_data\x64\debug\storecfg.obj
e:\thirdreich\client\thirdreich\static\static_data\x64\debug\skilltypecfg.obj
e:\thirdreich\client\thirdreich\static\static_data\x64\debug\skillfronteffectcfg.obj
e:\thirdreich\client\thirdreich\static\static_data\x64\debug\stdafx.obj
e:\thirdreich\client\thirdreich\static\static_data\x64\debug\towerbuilddata.obj
e:\thirdreich\client\thirdreich\static\static_data\x64\debug\teammemberdata.obj
e:\thirdreich\client\thirdreich\static\static_data\x64\debug\survivaldata.obj
e:\thirdreich\client\thirdreich\static\static_data\x64\debug\storedata.obj
e:\thirdreich\client\thirdreich\static\static_data\x64\debug\skilldata.obj
e:\thirdreich\client\thirdreich\static\static_data\x64\debug\passivetrigger.obj
e:\thirdreich\client\thirdreich\static\static_data\x64\debug\passiveskillmgr.obj
e:\thirdreich\client\thirdreich\static\static_data\x64\debug\role.obj
e:\thirdreich\client\thirdreich\static\static_data\x64\debug\player.obj
e:\thirdreich\client\thirdreich\static\static_data\x64\debug\npc.obj
e:\thirdreich\client\thirdreich\static\static_data\x64\debug\monsters.obj
e:\thirdreich\client\thirdreich\static\static_data\x64\debug\plantdata.obj
e:\thirdreich\client\thirdreich\static\static_data\x64\debug\npcprotectordata.obj
e:\thirdreich\client\thirdreich\x64\release\static_data.lib
e:\thirdreich\client\thirdreich\static\static_data\x64\debug\../../x64/release\static_data.pdb
e:\thirdreich\client\thirdreich\static\static_data\../../x64/release\static_data.lib
e:\thirdreich\client\thirdreich\static\static_data\x64\debug\static_data.tlog\cl.command.1.tlog
e:\thirdreich\client\thirdreich\static\static_data\x64\debug\static_data.tlog\cl.read.1.tlog
e:\thirdreich\client\thirdreich\static\static_data\x64\debug\static_data.tlog\cl.write.1.tlog
e:\thirdreich\client\thirdreich\static\static_data\x64\debug\static_data.tlog\lib-link.read.1.tlog
e:\thirdreich\client\thirdreich\static\static_data\x64\debug\static_data.tlog\lib-link.write.1.tlog
e:\thirdreich\client\thirdreich\static\static_data\x64\debug\static_data.tlog\lib.command.1.tlog
