C:\Program Files (x86)\Microsoft Visual Studio\2017\Professional\Common7\IDE\VC\VCTargets\Microsoft.CppBuild.targets(377,5): warning MSB8004: Output 目录未以斜杠结尾。  此生成实例将添加斜杠，因为必须有这个斜杠才能正确计算 Output 目录。
  calculate.cpp
  CommonDataTypeDef.cpp
  ComSkillBuff.cpp
  EffectCalculation.cpp
  EncryptUtil.cpp
e:\thirdreich\client\thirdreich\static\static_data\common\encryptutil.cpp(152): warning C4267: “初始化”: 从“size_t”转换到“unsigned int”，可能丢失数据
  Heartbeat.cpp
  PlayerPrefs.cpp
  RandomData.cpp
  SkillBuffContainer.cpp
  SkillBuffInfo.cpp
  Timer.cpp
  AchieveCfg.cpp
  ArmorCfg.cpp
e:\thirdreich\client\thirdreich\static\static_data\config\armorcfg.cpp(648): warning C4267: “参数”: 从“size_t”转换到“int”，可能丢失数据
  BehaviorTreeTypeCfg.cpp
  BuffCfg.cpp
  BuffGroupRuleCfg.cpp
  BuffTypeCfg.cpp
  BuildingCfg.cpp
  BuildRoomCfg.cpp
  CraftCfg.cpp
  正在生成代码...
  正在编译...
  DefenceInfoTypeCfg.cpp
  DefencePosTpyCfg.cpp
  DropCfg.cpp
  EquipTypeCfg.cpp
  FieldAdventureCfg.cpp
e:\thirdreich\client\thirdreich\static\static_data\config\fieldadventurecfg.cpp(183): warning C4244: “参数”: 从“bzbee::I64”转换到“const int”，可能丢失数据
  GlobalCfg.cpp
  HelpCfg.cpp
  HouseCfg.cpp
  ItemCfg.cpp
  LocalizationCfg.cpp
  MapSettingCfg.cpp
  MedicamentCfg.cpp
  MonsterCfg.cpp
  NpcActiveCfg.cpp
  NpcBadgeCfg.cpp
  NpcTypeCfg.cpp
  PlantCfg.cpp
  PlayerAttrCfg.cpp
  PlayerAttrNameCfg.cpp
  RoleCreateCfg.cpp
  正在生成代码...
  正在编译...
  SkillCfg.cpp
  SkillFrontEffectCfg.cpp
  SkillTypeCfg.cpp
  StoreCfg.cpp
  SurvivalEventCfg.cpp
e:\thirdreich\client\thirdreich\bzbee\libbaseutil\source\stringutil.h(62): warning C4267: “return”: 从“size_t”转换到“int”，可能丢失数据
  e:\thirdreich\client\thirdreich\static\static_data\config\survivaleventcfg.cpp(155): note: 参见对正在编译的函数 模板 实例化“int bzbee::StringUtil::splitString<int>(std::set<int,std::less<int>,std::allocator<_Ty>> &,const bzbee::tstring &,const bzbee::tstring &,bool)”的引用
          with
          [
              _Ty=int
          ]
  TowerBuildingCfg.cpp
  TroopsCfg.cpp
  WalkNpcCfg.cpp
e:\thirdreich\client\thirdreich\static\static_data\config\walknpccfg.cpp(93): warning C4244: “=”: 从“_Ty”转换到“T”，可能丢失数据
          with
          [
              _Ty=int
          ]
          and
          [
              T=float
          ]
e:\thirdreich\client\thirdreich\static\static_data\config\walknpccfg.cpp(94): warning C4244: “=”: 从“_Ty”转换到“T”，可能丢失数据
          with
          [
              _Ty=int
          ]
          and
          [
              T=float
          ]
e:\thirdreich\client\thirdreich\static\static_data\config\walknpccfg.cpp(95): warning C4244: “=”: 从“int”转换到“T”，可能丢失数据
          with
          [
              T=float
          ]
e:\thirdreich\client\thirdreich\static\static_data\config\walknpccfg.cpp(144): warning C4244: “参数”: 从“T”转换到“int”，可能丢失数据
          with
          [
              T=float
          ]
e:\thirdreich\client\thirdreich\static\static_data\config\walknpccfg.cpp(145): warning C4244: “参数”: 从“T”转换到“int”，可能丢失数据
          with
          [
              T=float
          ]
e:\thirdreich\client\thirdreich\static\static_data\config\walknpccfg.cpp(151): warning C4244: “=”: 从“int”转换到“T”，可能丢失数据
          with
          [
              T=float
          ]
e:\thirdreich\client\thirdreich\static\static_data\config\walknpccfg.cpp(152): warning C4244: “=”: 从“int”转换到“T”，可能丢失数据
          with
          [
              T=float
          ]
e:\thirdreich\client\thirdreich\static\static_data\config\walknpccfg.cpp(158): warning C4244: “=”: 从“int”转换到“T”，可能丢失数据
          with
          [
              T=float
          ]
e:\thirdreich\client\thirdreich\static\static_data\config\walknpccfg.cpp(159): warning C4244: “=”: 从“int”转换到“T”，可能丢失数据
          with
          [
              T=float
          ]
e:\thirdreich\client\thirdreich\static\static_data\config\walknpccfg.cpp(167): warning C4244: “=”: 从“int”转换到“T”，可能丢失数据
          with
          [
              T=float
          ]
e:\thirdreich\client\thirdreich\static\static_data\config\walknpccfg.cpp(168): warning C4244: “=”: 从“int”转换到“T”，可能丢失数据
          with
          [
              T=float
          ]
e:\thirdreich\client\thirdreich\static\static_data\config\walknpccfg.cpp(173): warning C4244: “=”: 从“int”转换到“T”，可能丢失数据
          with
          [
              T=float
          ]
e:\thirdreich\client\thirdreich\static\static_data\config\walknpccfg.cpp(174): warning C4244: “=”: 从“int”转换到“T”，可能丢失数据
          with
          [
              T=float
          ]
e:\thirdreich\client\thirdreich\static\static_data\config\walknpccfg.cpp(175): warning C4244: “=”: 从“int”转换到“T”，可能丢失数据
          with
          [
              T=float
          ]
e:\thirdreich\client\thirdreich\static\static_data\config\walknpccfg.cpp(180): warning C4244: “=”: 从“int”转换到“T”，可能丢失数据
          with
          [
              T=float
          ]
e:\thirdreich\client\thirdreich\static\static_data\config\walknpccfg.cpp(181): warning C4244: “=”: 从“int”转换到“T”，可能丢失数据
          with
          [
              T=float
          ]
e:\thirdreich\client\thirdreich\static\static_data\config\walknpccfg.cpp(182): warning C4244: “=”: 从“int”转换到“T”，可能丢失数据
          with
          [
              T=float
          ]
e:\thirdreich\client\thirdreich\static\static_data\config\walknpccfg.cpp(188): warning C4244: “=”: 从“int”转换到“T”，可能丢失数据
          with
          [
              T=float
          ]
e:\thirdreich\client\thirdreich\static\static_data\config\walknpccfg.cpp(189): warning C4244: “=”: 从“int”转换到“T”，可能丢失数据
          with
          [
              T=float
          ]
  WeaponAniEffectCfg.cpp
  WeaponInfoTypeCfg.cpp
  WeaponTypeCfg.cpp
  AchieveData.cpp
e:\thirdreich\client\thirdreich\static\static_data\data\achievedata.cpp(994): warning C4244: “初始化”: 从“_Ty2”转换到“int”，可能丢失数据
          with
          [
              _Ty2=float
          ]
  CraftData.cpp
  DropData.cpp
  HouseData.cpp
  ItemData.cpp
  MapData.cpp
  MapDataMgr.cpp
  MapObj.cpp
  NotesData.cpp
  正在生成代码...
  正在编译...
  NpcProtectorData.cpp
e:\thirdreich\client\thirdreich\static\static_data\data\npcprotectordata.cpp(362): warning C4244: “=”: 从“bzbee::I64”转换到“bzbee::int32”，可能丢失数据
  PlantData.cpp
  Monsters.cpp
  Npc.cpp
e:\thirdreich\client\thirdreich\static\static_data\data\role\npc.cpp(117): warning C4244: “return”: 从“double”转换到“float”，可能丢失数据
  Player.cpp
e:\thirdreich\client\thirdreich\static\static_data\data\role\player.cpp(373): warning C4267: “参数”: 从“size_t”转换到“int”，可能丢失数据
e:\thirdreich\client\thirdreich\static\static_data\data\role\player.cpp(846): warning C4267: “参数”: 从“size_t”转换到“int”，可能丢失数据
e:\thirdreich\client\thirdreich\static\static_data\data\role\player.cpp(903): warning C4244: “return”: 从“float”转换到“int”，可能丢失数据
e:\thirdreich\client\thirdreich\static\static_data\data\role\player.cpp(917): warning C4244: “return”: 从“float”转换到“int”，可能丢失数据
  Role.cpp
  PassiveSkillMgr.cpp
  PassiveTrigger.cpp
e:\thirdreich\client\thirdreich\static\static_data\data\role\skill\passivetrigger.cpp : warning C4819: 该文件包含不能在当前代码页(936)中表示的字符。请将该文件保存为 Unicode 格式以防止数据丢失
  SkillData.cpp
  StoreData.cpp
  SurvivalData.cpp
  TeamMemberData.cpp
  TowerBuildData.cpp
  stdafx.cpp
  正在生成代码...
  static_data.vcxproj -> E:\ThirdReich\Client\ThirdReich\static\static_data\../../x64/Release\static_data.lib
